<?xml version="1.0" encoding="UTF-8"?>
<!-- Generated by org.testng.reporters.JUnitReportReporter -->
<testsuite hostname="M5414133" failures="0" tests="1" name="Build.Regression_OrangeHRM.TC_02_Leave_Time" time="14.030" errors="0" timestamp="19 Jun 2023 05:47:23 GMT" skipped="0">
  <testcase classname="Build.Regression_OrangeHRM.TC_02_Leave_Time" name="sanityOperation" time="14.030"/>
</testsuite> <!-- Build.Regression_OrangeHRM.TC_02_Leave_Time -->
