<?xml version="1.0" encoding="UTF-8"?>
<!-- Generated by org.testng.reporters.JUnitReportReporter -->
<testsuite hostname="M5414133" failures="0" tests="1" name="Build.Regression_OrangeHRM.TC_02_Leave_Time" time="4.464" errors="0" timestamp="20 Jun 2023 05:58:03 GMT" skipped="0">
  <testcase classname="Build.Regression_OrangeHRM.TC_02_Leave_Time" name="sanityOperation" time="4.464"/>
</testsuite> <!-- Build.Regression_OrangeHRM.TC_02_Leave_Time -->
