<?xml version="1.0" encoding="UTF-8"?>
<!-- Generated by org.testng.reporters.JUnitReportReporter -->
<testsuite skipped="0" hostname="M5290478" name="Build.Regression_OrangeHRM.StandAloneTest" tests="1" failures="0" timestamp="13 May 2023 14:07:08 GMT" time="21.569" errors="0">
  <testcase name="regression_SC_01" time="21.569" classname="Build.Regression_OrangeHRM.StandAloneTest"/>
</testsuite> <!-- Build.Regression_OrangeHRM.StandAloneTest -->
