<?xml version="1.0" encoding="UTF-8"?>
<!-- Generated by org.testng.reporters.JUnitReportReporter -->
<testsuite hostname="M5414133" failures="0" tests="1" name="Build.Regression_OrangeHRM.TC_02_Leave_Time" time="6.702" errors="0" timestamp="20 Jun 2023 12:04:47 GMT" skipped="0">
  <testcase classname="Build.Regression_OrangeHRM.TC_02_Leave_Time" name="sanityOperation" time="6.702"/>
</testsuite> <!-- Build.Regression_OrangeHRM.TC_02_Leave_Time -->
