<?xml version="1.0" encoding="UTF-8"?>
<!-- Generated by org.testng.reporters.JUnitReportReporter -->
<testsuite hostname="M5414133" failures="0" tests="1" name="Build.Regression_OrangeHRM.TC_01_EndToEnd" time="6.397" errors="0" timestamp="20 Jun 2023 12:04:47 GMT" skipped="0">
  <testcase classname="Build.Regression_OrangeHRM.TC_01_EndToEnd" name="sanityOperation" time="6.397"/>
</testsuite> <!-- Build.Regression_OrangeHRM.TC_01_EndToEnd -->
