<?xml version="1.0" encoding="UTF-8"?>
<!-- Generated by org.testng.reporters.JUnitReportReporter -->
<testsuite hostname="M5414133" failures="0" tests="1" name="Build.Regression_OrangeHRM.TC_02_Leave_Time" time="5.347" errors="0" timestamp="13 Jul 2023 10:32:37 GMT" skipped="0">
  <testcase classname="Build.Regression_OrangeHRM.TC_02_Leave_Time" name="tc_02_sanityOperation" time="5.347"/>
</testsuite> <!-- Build.Regression_OrangeHRM.TC_02_Leave_Time -->
