<?xml version="1.0" encoding="UTF-8"?>
<!-- Generated by org.testng.reporters.JUnitReportReporter -->
<testsuite skipped="0" hostname="M5290478" name="cucumber.TestNGTestRunner" tests="1" failures="0" timestamp="28 May 2023 12:18:17 GMT" time="16.122" errors="0">
  <testcase name="runScenario" time="16.122" classname="cucumber.TestNGTestRunner"/>
</testsuite> <!-- cucumber.TestNGTestRunner -->
