<?xml version="1.0" encoding="UTF-8"?>
<!-- Generated by org.testng.reporters.JUnitReportReporter -->
<testsuite hostname="M5414133" failures="0" tests="1" name="Build.Regression_OrangeHRM.TC_01_EndToEnd" time="5.186" errors="0" timestamp="13 Jul 2023 10:32:37 GMT" skipped="0">
  <testcase classname="Build.Regression_OrangeHRM.TC_01_EndToEnd" name="tc_01_sanityOperation" time="5.186"/>
</testsuite> <!-- Build.Regression_OrangeHRM.TC_01_EndToEnd -->
